<?xml version="1.0" encoding="UTF-8"?>
<!-- Generated by org.testng.reporters.JUnitReportReporter -->
<testsuite skipped="0" hostname="DESKTOP-7SQ3OB6" name="com.crm.qa.testcases.HomePageTest" tests="2" failures="0" timestamp="25 Apr 2020 14:16:53 GMT" time="56.027" errors="0">
  <testcase name="NavigateToContactsTest" time="30.765" classname="com.crm.qa.testcases.HomePageTest"/>
  <testcase name="validateHomePageTitleTest" time="25.262" classname="com.crm.qa.testcases.HomePageTest"/>
</testsuite> <!-- com.crm.qa.testcases.HomePageTest -->
