<?xml version="1.0" encoding="UTF-8"?>
<!-- Generated by org.testng.reporters.JUnitReportReporter -->
<testsuite skipped="0" hostname="DESKTOP-7SQ3OB6" name="com.crm.qa.testcases.ContactsPageTest" tests="5" failures="0" timestamp="22 Apr 2020 16:40:34 GMT" time="302.049" errors="0">
  <testcase name="createContactTest" time="46.124" classname="com.crm.qa.testcases.ContactsPageTest"/>
  <testcase name="createContactTest" time="49.110" classname="com.crm.qa.testcases.ContactsPageTest"/>
  <testcase name="createContactTest" time="39.764" classname="com.crm.qa.testcases.ContactsPageTest"/>
  <testcase name="createContactTest" time="45.769" classname="com.crm.qa.testcases.ContactsPageTest"/>
  <testcase name="selectContactsByNameTest" time="121.282" classname="com.crm.qa.testcases.ContactsPageTest"/>
</testsuite> <!-- com.crm.qa.testcases.ContactsPageTest -->
