<?xml version="1.0" encoding="UTF-8"?>
<!-- Generated by org.testng.reporters.JUnitReportReporter -->
<testsuite skipped="0" hostname="DESKTOP-7SQ3OB6" name="com.crm.qa.testcases.ContactsPageTest" tests="1" failures="0" timestamp="18 Apr 2020 18:35:28 GMT" time="71.473" errors="0">
  <testcase name="selectContactsByNameTest" time="71.473" classname="com.crm.qa.testcases.ContactsPageTest"/>
</testsuite> <!-- com.crm.qa.testcases.ContactsPageTest -->
