<?xml version="1.0" encoding="UTF-8"?>
<!-- Generated by org.testng.reporters.JUnitReportReporter -->
<testsuite skipped="0" hostname="DESKTOP-7SQ3OB6" name="com.crm.qa.testcases.LandingPageTest" tests="3" failures="0" timestamp="12 Apr 2020 21:07:21 GMT" time="47.512" errors="0">
  <testcase name="LandingPageTitleTest" time="14.817" classname="com.crm.qa.testcases.LandingPageTest"/>
  <testcase name="LogInBtnClickTest" time="19.242" classname="com.crm.qa.testcases.LandingPageTest"/>
  <testcase name="freeCRMLogoTest" time="13.453" classname="com.crm.qa.testcases.LandingPageTest"/>
</testsuite> <!-- com.crm.qa.testcases.LandingPageTest -->
