<?xml version="1.0" encoding="UTF-8"?>
<!-- Generated by org.testng.reporters.JUnitReportReporter -->
<testsuite skipped="0" hostname="DESKTOP-7SQ3OB6" name="com.crm.qa.testcases.LandingPageTest" tests="3" failures="0" timestamp="18 Apr 2020 20:21:19 GMT" time="48.038" errors="0">
  <testcase name="LandingPageTitleTest" time="10.233" classname="com.crm.qa.testcases.LandingPageTest"/>
  <testcase name="LogInBtnClickTest" time="17.868" classname="com.crm.qa.testcases.LandingPageTest"/>
  <testcase name="freeCRMLogoTest" time="19.937" classname="com.crm.qa.testcases.LandingPageTest"/>
</testsuite> <!-- com.crm.qa.testcases.LandingPageTest -->
