<?xml version="1.0" encoding="UTF-8"?>
<!-- Generated by org.testng.reporters.JUnitReportReporter -->
<testsuite skipped="0" hostname="DESKTOP-7SQ3OB6" name="com.crm.qa.testcases.LoginPageTest" tests="2" failures="0" timestamp="11 Apr 2020 18:58:54 GMT" time="60.146" errors="0">
  <testcase name="loginTest" time="33.984" classname="com.crm.qa.testcases.LoginPageTest"/>
  <testcase name="validateLoginPageTitleTest" time="26.162" classname="com.crm.qa.testcases.LoginPageTest"/>
</testsuite> <!-- com.crm.qa.testcases.LoginPageTest -->
