<?xml version="1.0" encoding="UTF-8"?>
<!-- Generated by org.testng.reporters.JUnitReportReporter -->
<testsuite skipped="0" hostname="DESKTOP-7SQ3OB6" name="com.crm.qa.testcases.LoginPageTest" tests="2" failures="0" timestamp="25 Apr 2020 14:16:53 GMT" time="59.771" errors="0">
  <testcase name="loginTest" time="26.499" classname="com.crm.qa.testcases.LoginPageTest"/>
  <testcase name="validateLoginPageTitleTest" time="33.272" classname="com.crm.qa.testcases.LoginPageTest"/>
</testsuite> <!-- com.crm.qa.testcases.LoginPageTest -->
