<?xml version="1.0" encoding="UTF-8"?>
<!-- Generated by org.testng.reporters.JUnitReportReporter -->
<testsuite skipped="0" hostname="DESKTOP-7SQ3OB6" name="com.crm.qa.testcases.HomePageTest" tests="2" failures="0" timestamp="22 Apr 2020 16:40:34 GMT" time="71.017" errors="0">
  <testcase name="validateHomePageTitleTest" time="30.597" classname="com.crm.qa.testcases.HomePageTest"/>
  <testcase name="NavigateToContactsTest" time="40.420" classname="com.crm.qa.testcases.HomePageTest"/>
</testsuite> <!-- com.crm.qa.testcases.HomePageTest -->
