<?xml version="1.0" encoding="UTF-8"?>
<!-- Generated by org.testng.reporters.JUnitReportReporter -->
<testsuite skipped="0" hostname="DESKTOP-7SQ3OB6" name="com.crm.qa.testcases.ContactsPageTest" tests="5" failures="0" timestamp="15 Apr 2020 11:07:52 GMT" time="203.124" errors="0">
  <testcase name="createContactTest" time="40.089" classname="com.crm.qa.testcases.ContactsPageTest"/>
  <testcase name="createContactTest" time="41.323" classname="com.crm.qa.testcases.ContactsPageTest"/>
  <testcase name="createContactTest" time="44.672" classname="com.crm.qa.testcases.ContactsPageTest"/>
  <testcase name="createContactTest" time="44.496" classname="com.crm.qa.testcases.ContactsPageTest"/>
  <testcase name="selectContactsByNameTest" time="32.544" classname="com.crm.qa.testcases.ContactsPageTest"/>
</testsuite> <!-- com.crm.qa.testcases.ContactsPageTest -->
