<?xml version="1.0" encoding="UTF-8"?>
<!-- Generated by org.testng.reporters.JUnitReportReporter -->
<testsuite skipped="0" hostname="DESKTOP-7SQ3OB6" name="com.crm.qa.testcases.LandingPageTest" tests="3" failures="0" timestamp="15 Apr 2020 11:07:52 GMT" time="70.096" errors="0">
  <testcase name="LogInBtnClickTest" time="34.943" classname="com.crm.qa.testcases.LandingPageTest"/>
  <testcase name="freeCRMLogoTest" time="16.133" classname="com.crm.qa.testcases.LandingPageTest"/>
  <testcase name="LandingPageTitleTest" time="19.020" classname="com.crm.qa.testcases.LandingPageTest"/>
</testsuite> <!-- com.crm.qa.testcases.LandingPageTest -->
