<?xml version="1.0" encoding="UTF-8"?>
<!-- Generated by org.testng.reporters.JUnitReportReporter -->
<testsuite skipped="0" hostname="DESKTOP-7SQ3OB6" name="com.crm.qa.testcases.HomePageTest" tests="2" failures="0" timestamp="15 Apr 2020 11:07:52 GMT" time="125.175" errors="0">
  <testcase name="validateHomePageTitleTest" time="81.249" classname="com.crm.qa.testcases.HomePageTest"/>
  <testcase name="NavigateToContactsTest" time="43.926" classname="com.crm.qa.testcases.HomePageTest"/>
</testsuite> <!-- com.crm.qa.testcases.HomePageTest -->
